<?xml version="1.0" encoding="UTF-8"?>
<testng-results total="3" passed="3" failed="0" skipped="0">
  <reporter-output>
  </reporter-output>
  <suite started-at="2019-09-04T07:11:16Z" name="Naukri Test suite" finished-at="2019-09-04T07:11:33Z" duration-ms="16569">
    <groups>
    </groups>
    <test started-at="2019-09-04T07:11:16Z" name="Verify Login" finished-at="2019-09-04T07:11:33Z" duration-ms="16569">
      <class name="testCasesNaukri.DeleteResume">
        <test-method signature="cancelButton()[pri:0, instance:testCasesNaukri.DeleteResume@67e2d983]" started-at="2019-09-04T12:41:31Z" name="cancelButton" finished-at="2019-09-04T12:41:33Z" duration-ms="1317" status="PASS">
          <reporter-output>
          </reporter-output>
        </test-method> <!-- cancelButton -->
      </class> <!-- testCasesNaukri.DeleteResume -->
      <class name="testCasesNaukri.NaukriLogin">
        <test-method is-config="true" signature="launchBrowser()[pri:0, instance:testCasesNaukri.NaukriLogin@52aa2946]" started-at="2019-09-04T12:40:52Z" name="launchBrowser" finished-at="2019-09-04T12:41:16Z" duration-ms="24579" status="PASS">
          <reporter-output>
          </reporter-output>
        </test-method> <!-- launchBrowser -->
        <test-method signature="verifyLoginTest()[pri:0, instance:testCasesNaukri.NaukriLogin@52aa2946]" started-at="2019-09-04T12:41:16Z" name="verifyLoginTest" finished-at="2019-09-04T12:41:17Z" duration-ms="1094" status="PASS">
          <reporter-output>
          </reporter-output>
        </test-method> <!-- verifyLoginTest -->
      </class> <!-- testCasesNaukri.NaukriLogin -->
      <class name="testCasesNaukri.ProfileValidation">
        <test-method signature="profileStrength()[pri:0, instance:testCasesNaukri.ProfileValidation@4de5031f]" started-at="2019-09-04T12:41:17Z" name="profileStrength" finished-at="2019-09-04T12:41:31Z" duration-ms="14089" status="PASS">
          <reporter-output>
          </reporter-output>
        </test-method> <!-- profileStrength -->
      </class> <!-- testCasesNaukri.ProfileValidation -->
    </test> <!-- Verify Login -->
  </suite> <!-- Naukri Test suite -->
</testng-results>
