<?xml version="1.0" encoding="UTF-8"?>
<!-- Generated by org.testng.reporters.JUnitXMLReporter -->
<testsuite hostname="IT-PC" failures="0" tests="3" name="Verify Login" time="16.569" errors="0" timestamp="4 Sep 2019 07:11:33 GMT">
  <testcase classname="testCasesNaukri.NaukriLogin" name="verifyLoginTest" time="1.094"/>
  <testcase classname="testCasesNaukri.ProfileValidation" name="profileStrength" time="14.089"/>
  <testcase classname="testCasesNaukri.DeleteResume" name="cancelButton" time="1.317"/>
</testsuite> <!-- Verify Login -->
